{"C:\\Users\\PC\\Downloads\\FTS-Training\\React\\todolist-typescript-vite\\todolist-typescript\\src\\Components\\Header\\Header.tsx": {"path":"C:\\Users\\PC\\Downloads\\FTS-Training\\React\\todolist-typescript-vite\\todolist-typescript\\src\\Components\\Header\\Header.tsx","all":false,"statementMap":{"0":{"start":{"line":1,"column":0},"end":{"line":1,"column":26}},"1":{"start":{"line":2,"column":0},"end":{"line":2,"column":44}},"2":{"start":{"line":3,"column":0},"end":{"line":3,"column":63}},"3":{"start":{"line":4,"column":0},"end":{"line":4,"column":41}},"4":{"start":{"line":5,"column":0},"end":{"line":5,"column":51}},"5":{"start":{"line":6,"column":0},"end":{"line":6,"column":0}},"6":{"start":{"line":7,"column":0},"end":{"line":7,"column":20}},"7":{"start":{"line":8,"column":0},"end":{"line":8,"column":23}},"8":{"start":{"line":9,"column":0},"end":{"line":9,"column":28}},"9":{"start":{"line":10,"column":0},"end":{"line":10,"column":22}},"10":{"start":{"line":11,"column":0},"end":{"line":11,"column":45}},"11":{"start":{"line":12,"column":0},"end":{"line":12,"column":2}},"12":{"start":{"line":13,"column":0},"end":{"line":13,"column":0}},"13":{"start":{"line":14,"column":0},"end":{"line":14,"column":40}},"14":{"start":{"line":15,"column":0},"end":{"line":15,"column":16}},"15":{"start":{"line":16,"column":0},"end":{"line":16,"column":14}},"16":{"start":{"line":17,"column":0},"end":{"line":17,"column":14}},"17":{"start":{"line":18,"column":0},"end":{"line":18,"column":22}},"18":{"start":{"line":19,"column":0},"end":{"line":19,"column":7}},"19":{"start":{"line":20,"column":0},"end":{"line":20,"column":10}},"20":{"start":{"line":21,"column":0},"end":{"line":21,"column":12}},"21":{"start":{"line":22,"column":0},"end":{"line":22,"column":64}},"22":{"start":{"line":23,"column":0},"end":{"line":23,"column":12}},"23":{"start":{"line":24,"column":0},"end":{"line":24,"column":25}},"24":{"start":{"line":25,"column":0},"end":{"line":25,"column":42}},"25":{"start":{"line":26,"column":0},"end":{"line":26,"column":21}},"26":{"start":{"line":27,"column":0},"end":{"line":27,"column":30}},"27":{"start":{"line":28,"column":0},"end":{"line":28,"column":10}},"28":{"start":{"line":29,"column":0},"end":{"line":29,"column":12}},"29":{"start":{"line":30,"column":0},"end":{"line":30,"column":43}},"30":{"start":{"line":31,"column":0},"end":{"line":31,"column":31}},"31":{"start":{"line":32,"column":0},"end":{"line":32,"column":56}},"32":{"start":{"line":33,"column":0},"end":{"line":33,"column":16}},"33":{"start":{"line":34,"column":0},"end":{"line":34,"column":23}},"34":{"start":{"line":35,"column":0},"end":{"line":35,"column":23}},"35":{"start":{"line":36,"column":0},"end":{"line":36,"column":25}},"36":{"start":{"line":37,"column":0},"end":{"line":37,"column":37}},"37":{"start":{"line":38,"column":0},"end":{"line":38,"column":31}},"38":{"start":{"line":39,"column":0},"end":{"line":39,"column":65}},"39":{"start":{"line":40,"column":0},"end":{"line":40,"column":38}},"40":{"start":{"line":41,"column":0},"end":{"line":41,"column":12}},"41":{"start":{"line":42,"column":0},"end":{"line":42,"column":16}},"42":{"start":{"line":43,"column":0},"end":{"line":43,"column":12}},"43":{"start":{"line":44,"column":0},"end":{"line":44,"column":48}},"44":{"start":{"line":45,"column":0},"end":{"line":45,"column":14}},"45":{"start":{"line":46,"column":0},"end":{"line":46,"column":25}},"46":{"start":{"line":47,"column":0},"end":{"line":47,"column":41}},"47":{"start":{"line":48,"column":0},"end":{"line":48,"column":36}},"48":{"start":{"line":49,"column":0},"end":{"line":49,"column":34}},"49":{"start":{"line":50,"column":0},"end":{"line":50,"column":10}},"50":{"start":{"line":51,"column":0},"end":{"line":51,"column":51}},"51":{"start":{"line":52,"column":0},"end":{"line":52,"column":12}},"52":{"start":{"line":53,"column":0},"end":{"line":53,"column":41}},"53":{"start":{"line":54,"column":0},"end":{"line":54,"column":20}},"54":{"start":{"line":55,"column":0},"end":{"line":55,"column":21}},"55":{"start":{"line":56,"column":0},"end":{"line":56,"column":29}},"56":{"start":{"line":57,"column":0},"end":{"line":57,"column":21}},"57":{"start":{"line":58,"column":0},"end":{"line":58,"column":44}},"58":{"start":{"line":59,"column":0},"end":{"line":59,"column":9}},"59":{"start":{"line":60,"column":0},"end":{"line":60,"column":15}},"60":{"start":{"line":61,"column":0},"end":{"line":61,"column":1509}},"61":{"start":{"line":62,"column":0},"end":{"line":62,"column":24}},"62":{"start":{"line":63,"column":0},"end":{"line":63,"column":12}},"63":{"start":{"line":64,"column":0},"end":{"line":64,"column":14}},"64":{"start":{"line":65,"column":0},"end":{"line":65,"column":12}},"65":{"start":{"line":66,"column":0},"end":{"line":66,"column":42}},"66":{"start":{"line":67,"column":0},"end":{"line":67,"column":20}},"67":{"start":{"line":68,"column":0},"end":{"line":68,"column":21}},"68":{"start":{"line":69,"column":0},"end":{"line":69,"column":29}},"69":{"start":{"line":70,"column":0},"end":{"line":70,"column":21}},"70":{"start":{"line":71,"column":0},"end":{"line":71,"column":44}},"71":{"start":{"line":72,"column":0},"end":{"line":72,"column":9}},"72":{"start":{"line":73,"column":0},"end":{"line":73,"column":15}},"73":{"start":{"line":74,"column":0},"end":{"line":74,"column":608}},"74":{"start":{"line":75,"column":0},"end":{"line":75,"column":24}},"75":{"start":{"line":76,"column":0},"end":{"line":76,"column":12}},"76":{"start":{"line":77,"column":0},"end":{"line":77,"column":14}},"77":{"start":{"line":78,"column":0},"end":{"line":78,"column":68}},"78":{"start":{"line":79,"column":0},"end":{"line":79,"column":14}},"79":{"start":{"line":80,"column":0},"end":{"line":80,"column":13}},"80":{"start":{"line":81,"column":0},"end":{"line":81,"column":4}},"81":{"start":{"line":82,"column":0},"end":{"line":82,"column":2}},"82":{"start":{"line":83,"column":0},"end":{"line":83,"column":0}},"83":{"start":{"line":84,"column":0},"end":{"line":84,"column":22}}},"s":{"0":1,"1":1,"2":1,"3":1,"4":1,"5":1,"6":1,"7":1,"8":1,"9":1,"10":1,"11":1,"12":1,"13":1,"14":4,"15":4,"16":4,"17":4,"18":4,"19":4,"20":4,"21":4,"22":4,"23":4,"24":4,"25":4,"26":4,"27":4,"28":4,"29":4,"30":4,"31":4,"32":4,"33":4,"34":4,"35":4,"36":4,"37":4,"38":4,"39":4,"40":4,"41":4,"42":4,"43":4,"44":4,"45":4,"46":4,"47":4,"48":4,"49":4,"50":4,"51":4,"52":4,"53":4,"54":4,"55":4,"56":4,"57":4,"58":4,"59":4,"60":4,"61":4,"62":4,"63":4,"64":4,"65":4,"66":4,"67":4,"68":4,"69":4,"70":4,"71":4,"72":4,"73":4,"74":4,"75":4,"76":4,"77":4,"78":4,"79":4,"80":4,"81":4,"82":1,"83":1},"branchMap":{"0":{"type":"branch","line":14,"loc":{"start":{"line":14,"column":38},"end":{"line":82,"column":2}},"locations":[{"start":{"line":14,"column":38},"end":{"line":82,"column":2}}]},"1":{"type":"branch","line":25,"loc":{"start":{"line":25,"column":15},"end":{"line":25,"column":36}},"locations":[{"start":{"line":25,"column":15},"end":{"line":25,"column":36}}]},"2":{"type":"branch","line":39,"loc":{"start":{"line":39,"column":22},"end":{"line":39,"column":65}},"locations":[{"start":{"line":39,"column":22},"end":{"line":39,"column":65}}]},"3":{"type":"branch","line":47,"loc":{"start":{"line":47,"column":19},"end":{"line":47,"column":41}},"locations":[{"start":{"line":47,"column":19},"end":{"line":47,"column":41}}]}},"b":{"0":[4],"1":[0],"2":[1],"3":[1]},"fnMap":{"0":{"name":"Header","decl":{"start":{"line":14,"column":38},"end":{"line":82,"column":2}},"loc":{"start":{"line":14,"column":38},"end":{"line":82,"column":2}},"line":14},"1":{"name":"onChange","decl":{"start":{"line":39,"column":22},"end":{"line":39,"column":65}},"loc":{"start":{"line":39,"column":22},"end":{"line":39,"column":65}},"line":39},"2":{"name":"onClick","decl":{"start":{"line":47,"column":19},"end":{"line":47,"column":41}},"loc":{"start":{"line":47,"column":19},"end":{"line":47,"column":41}},"line":47}},"f":{"0":4,"1":1,"2":1}}
,"C:\\Users\\PC\\Downloads\\FTS-Training\\React\\todolist-typescript-vite\\todolist-typescript\\src\\Components\\Main\\Main.tsx": {"path":"C:\\Users\\PC\\Downloads\\FTS-Training\\React\\todolist-typescript-vite\\todolist-typescript\\src\\Components\\Main\\Main.tsx","all":false,"statementMap":{"0":{"start":{"line":1,"column":0},"end":{"line":1,"column":40}},"1":{"start":{"line":2,"column":0},"end":{"line":2,"column":34}},"2":{"start":{"line":3,"column":0},"end":{"line":3,"column":39}},"3":{"start":{"line":4,"column":0},"end":{"line":4,"column":44}},"4":{"start":{"line":5,"column":0},"end":{"line":5,"column":40}},"5":{"start":{"line":6,"column":0},"end":{"line":6,"column":43}},"6":{"start":{"line":7,"column":0},"end":{"line":7,"column":37}},"7":{"start":{"line":8,"column":0},"end":{"line":8,"column":0}},"8":{"start":{"line":9,"column":0},"end":{"line":9,"column":18}},"9":{"start":{"line":10,"column":0},"end":{"line":10,"column":22}},"10":{"start":{"line":11,"column":0},"end":{"line":11,"column":2}},"11":{"start":{"line":12,"column":0},"end":{"line":12,"column":0}},"12":{"start":{"line":13,"column":0},"end":{"line":13,"column":56}},"13":{"start":{"line":14,"column":0},"end":{"line":14,"column":64}},"14":{"start":{"line":15,"column":0},"end":{"line":15,"column":55}},"15":{"start":{"line":16,"column":0},"end":{"line":16,"column":66}},"16":{"start":{"line":17,"column":0},"end":{"line":17,"column":0}},"17":{"start":{"line":18,"column":0},"end":{"line":18,"column":24}},"18":{"start":{"line":19,"column":0},"end":{"line":19,"column":28}},"19":{"start":{"line":20,"column":0},"end":{"line":20,"column":20}},"20":{"start":{"line":21,"column":0},"end":{"line":21,"column":54}},"21":{"start":{"line":22,"column":0},"end":{"line":22,"column":6}},"22":{"start":{"line":23,"column":0},"end":{"line":23,"column":10}},"23":{"start":{"line":24,"column":0},"end":{"line":24,"column":64}},"24":{"start":{"line":25,"column":0},"end":{"line":25,"column":20}},"25":{"start":{"line":26,"column":0},"end":{"line":26,"column":5}},"26":{"start":{"line":27,"column":0},"end":{"line":27,"column":42}},"27":{"start":{"line":28,"column":0},"end":{"line":28,"column":23}},"28":{"start":{"line":29,"column":0},"end":{"line":29,"column":57}},"29":{"start":{"line":30,"column":0},"end":{"line":30,"column":8}},"30":{"start":{"line":31,"column":0},"end":{"line":31,"column":23}},"31":{"start":{"line":32,"column":0},"end":{"line":32,"column":25}},"32":{"start":{"line":33,"column":0},"end":{"line":33,"column":9}},"33":{"start":{"line":34,"column":0},"end":{"line":34,"column":3}},"34":{"start":{"line":35,"column":0},"end":{"line":35,"column":19}},"35":{"start":{"line":36,"column":0},"end":{"line":36,"column":16}},"36":{"start":{"line":37,"column":0},"end":{"line":37,"column":9}},"37":{"start":{"line":38,"column":0},"end":{"line":38,"column":56}},"38":{"start":{"line":39,"column":0},"end":{"line":39,"column":69}},"39":{"start":{"line":40,"column":0},"end":{"line":40,"column":36}},"40":{"start":{"line":41,"column":0},"end":{"line":41,"column":49}},"41":{"start":{"line":42,"column":0},"end":{"line":42,"column":37}},"42":{"start":{"line":43,"column":0},"end":{"line":43,"column":50}},"43":{"start":{"line":44,"column":0},"end":{"line":44,"column":54}},"44":{"start":{"line":45,"column":0},"end":{"line":45,"column":3}},"45":{"start":{"line":46,"column":0},"end":{"line":46,"column":76}},"46":{"start":{"line":47,"column":0},"end":{"line":47,"column":29}},"47":{"start":{"line":48,"column":0},"end":{"line":48,"column":49}},"48":{"start":{"line":49,"column":0},"end":{"line":49,"column":12}},"49":{"start":{"line":50,"column":0},"end":{"line":50,"column":25}},"50":{"start":{"line":51,"column":0},"end":{"line":51,"column":24}},"51":{"start":{"line":52,"column":0},"end":{"line":52,"column":19}},"52":{"start":{"line":53,"column":0},"end":{"line":53,"column":74}},"53":{"start":{"line":54,"column":0},"end":{"line":54,"column":75}},"54":{"start":{"line":55,"column":0},"end":{"line":55,"column":10}},"55":{"start":{"line":56,"column":0},"end":{"line":56,"column":20}},"56":{"start":{"line":57,"column":0},"end":{"line":57,"column":8}},"57":{"start":{"line":58,"column":0},"end":{"line":58,"column":5}},"58":{"start":{"line":59,"column":0},"end":{"line":59,"column":3}},"59":{"start":{"line":60,"column":0},"end":{"line":60,"column":32}},"60":{"start":{"line":61,"column":0},"end":{"line":61,"column":28}},"61":{"start":{"line":62,"column":0},"end":{"line":62,"column":21}},"62":{"start":{"line":63,"column":0},"end":{"line":63,"column":54}},"63":{"start":{"line":64,"column":0},"end":{"line":64,"column":33}},"64":{"start":{"line":65,"column":0},"end":{"line":65,"column":6}},"65":{"start":{"line":66,"column":0},"end":{"line":66,"column":10}},"66":{"start":{"line":67,"column":0},"end":{"line":67,"column":64}},"67":{"start":{"line":68,"column":0},"end":{"line":68,"column":20}},"68":{"start":{"line":69,"column":0},"end":{"line":69,"column":5}},"69":{"start":{"line":70,"column":0},"end":{"line":70,"column":42}},"70":{"start":{"line":71,"column":0},"end":{"line":71,"column":28}},"71":{"start":{"line":72,"column":0},"end":{"line":72,"column":37}},"72":{"start":{"line":73,"column":0},"end":{"line":73,"column":3}},"73":{"start":{"line":74,"column":0},"end":{"line":74,"column":36}},"74":{"start":{"line":75,"column":0},"end":{"line":75,"column":25}},"75":{"start":{"line":76,"column":0},"end":{"line":76,"column":51}},"76":{"start":{"line":77,"column":0},"end":{"line":77,"column":26}},"77":{"start":{"line":78,"column":0},"end":{"line":78,"column":31}},"78":{"start":{"line":79,"column":0},"end":{"line":79,"column":16}},"79":{"start":{"line":80,"column":0},"end":{"line":80,"column":18}},"80":{"start":{"line":81,"column":0},"end":{"line":81,"column":31}},"81":{"start":{"line":82,"column":0},"end":{"line":82,"column":10}},"82":{"start":{"line":83,"column":0},"end":{"line":83,"column":14}},"83":{"start":{"line":84,"column":0},"end":{"line":84,"column":20}},"84":{"start":{"line":85,"column":0},"end":{"line":85,"column":7}},"85":{"start":{"line":86,"column":0},"end":{"line":86,"column":7}},"86":{"start":{"line":87,"column":0},"end":{"line":87,"column":28}},"87":{"start":{"line":88,"column":0},"end":{"line":88,"column":22}},"88":{"start":{"line":89,"column":0},"end":{"line":89,"column":54}},"89":{"start":{"line":90,"column":0},"end":{"line":90,"column":49}},"90":{"start":{"line":91,"column":0},"end":{"line":91,"column":6}},"91":{"start":{"line":92,"column":0},"end":{"line":92,"column":10}},"92":{"start":{"line":93,"column":0},"end":{"line":93,"column":77}},"93":{"start":{"line":94,"column":0},"end":{"line":94,"column":20}},"94":{"start":{"line":95,"column":0},"end":{"line":95,"column":5}},"95":{"start":{"line":96,"column":0},"end":{"line":96,"column":42}},"96":{"start":{"line":97,"column":0},"end":{"line":97,"column":28}},"97":{"start":{"line":98,"column":0},"end":{"line":98,"column":24}},"98":{"start":{"line":99,"column":0},"end":{"line":99,"column":3}},"99":{"start":{"line":100,"column":0},"end":{"line":100,"column":50}},"100":{"start":{"line":101,"column":0},"end":{"line":101,"column":51}},"101":{"start":{"line":102,"column":0},"end":{"line":102,"column":26}},"102":{"start":{"line":103,"column":0},"end":{"line":103,"column":16}},"103":{"start":{"line":104,"column":0},"end":{"line":104,"column":18}},"104":{"start":{"line":105,"column":0},"end":{"line":105,"column":24}},"105":{"start":{"line":106,"column":0},"end":{"line":106,"column":10}},"106":{"start":{"line":107,"column":0},"end":{"line":107,"column":14}},"107":{"start":{"line":108,"column":0},"end":{"line":108,"column":20}},"108":{"start":{"line":109,"column":0},"end":{"line":109,"column":7}},"109":{"start":{"line":110,"column":0},"end":{"line":110,"column":7}},"110":{"start":{"line":111,"column":0},"end":{"line":111,"column":24}},"111":{"start":{"line":112,"column":0},"end":{"line":112,"column":28}},"112":{"start":{"line":113,"column":0},"end":{"line":113,"column":22}},"113":{"start":{"line":114,"column":0},"end":{"line":114,"column":54}},"114":{"start":{"line":115,"column":0},"end":{"line":115,"column":46}},"115":{"start":{"line":116,"column":0},"end":{"line":116,"column":6}},"116":{"start":{"line":117,"column":0},"end":{"line":117,"column":10}},"117":{"start":{"line":118,"column":0},"end":{"line":118,"column":70}},"118":{"start":{"line":119,"column":0},"end":{"line":119,"column":20}},"119":{"start":{"line":120,"column":0},"end":{"line":120,"column":5}},"120":{"start":{"line":121,"column":0},"end":{"line":121,"column":42}},"121":{"start":{"line":122,"column":0},"end":{"line":122,"column":28}},"122":{"start":{"line":123,"column":0},"end":{"line":123,"column":3}},"123":{"start":{"line":124,"column":0},"end":{"line":124,"column":53}},"124":{"start":{"line":125,"column":0},"end":{"line":125,"column":54}},"125":{"start":{"line":126,"column":0},"end":{"line":126,"column":28}},"126":{"start":{"line":127,"column":0},"end":{"line":127,"column":7}},"127":{"start":{"line":128,"column":0},"end":{"line":128,"column":24}},"128":{"start":{"line":129,"column":0},"end":{"line":129,"column":28}},"129":{"start":{"line":130,"column":0},"end":{"line":130,"column":23}},"130":{"start":{"line":131,"column":0},"end":{"line":131,"column":6}},"131":{"start":{"line":132,"column":0},"end":{"line":132,"column":10}},"132":{"start":{"line":133,"column":0},"end":{"line":133,"column":72}},"133":{"start":{"line":134,"column":0},"end":{"line":134,"column":20}},"134":{"start":{"line":135,"column":0},"end":{"line":135,"column":5}},"135":{"start":{"line":136,"column":0},"end":{"line":136,"column":42}},"136":{"start":{"line":137,"column":0},"end":{"line":137,"column":28}},"137":{"start":{"line":138,"column":0},"end":{"line":138,"column":18}},"138":{"start":{"line":139,"column":0},"end":{"line":139,"column":3}},"139":{"start":{"line":140,"column":0},"end":{"line":140,"column":29}},"140":{"start":{"line":141,"column":0},"end":{"line":141,"column":26}},"141":{"start":{"line":142,"column":0},"end":{"line":142,"column":4}},"142":{"start":{"line":143,"column":0},"end":{"line":143,"column":0}},"143":{"start":{"line":144,"column":0},"end":{"line":144,"column":10}},"144":{"start":{"line":145,"column":0},"end":{"line":145,"column":40}},"145":{"start":{"line":146,"column":0},"end":{"line":146,"column":46}},"146":{"start":{"line":147,"column":0},"end":{"line":147,"column":40}},"147":{"start":{"line":148,"column":0},"end":{"line":148,"column":14}},"148":{"start":{"line":149,"column":0},"end":{"line":149,"column":24}},"149":{"start":{"line":150,"column":0},"end":{"line":150,"column":76}},"150":{"start":{"line":151,"column":0},"end":{"line":151,"column":17}},"151":{"start":{"line":152,"column":0},"end":{"line":152,"column":15}},"152":{"start":{"line":153,"column":0},"end":{"line":153,"column":17}},"153":{"start":{"line":154,"column":0},"end":{"line":154,"column":24}},"154":{"start":{"line":155,"column":0},"end":{"line":155,"column":28}},"155":{"start":{"line":156,"column":0},"end":{"line":156,"column":35}},"156":{"start":{"line":157,"column":0},"end":{"line":157,"column":14}},"157":{"start":{"line":158,"column":0},"end":{"line":158,"column":11}},"158":{"start":{"line":159,"column":0},"end":{"line":159,"column":46}},"159":{"start":{"line":160,"column":0},"end":{"line":160,"column":48}},"160":{"start":{"line":161,"column":0},"end":{"line":161,"column":24}},"161":{"start":{"line":162,"column":0},"end":{"line":162,"column":20}},"162":{"start":{"line":163,"column":0},"end":{"line":163,"column":19}},"163":{"start":{"line":164,"column":0},"end":{"line":164,"column":14}},"164":{"start":{"line":165,"column":0},"end":{"line":165,"column":16}},"165":{"start":{"line":166,"column":0},"end":{"line":166,"column":26}},"166":{"start":{"line":167,"column":0},"end":{"line":167,"column":37}},"167":{"start":{"line":168,"column":0},"end":{"line":168,"column":48}},"168":{"start":{"line":169,"column":0},"end":{"line":169,"column":10}},"169":{"start":{"line":170,"column":0},"end":{"line":170,"column":16}},"170":{"start":{"line":171,"column":0},"end":{"line":171,"column":23}},"171":{"start":{"line":172,"column":0},"end":{"line":172,"column":17}},"172":{"start":{"line":173,"column":0},"end":{"line":173,"column":46}},"173":{"start":{"line":174,"column":0},"end":{"line":174,"column":27}},"174":{"start":{"line":175,"column":0},"end":{"line":175,"column":10}},"175":{"start":{"line":176,"column":0},"end":{"line":176,"column":8}},"176":{"start":{"line":177,"column":0},"end":{"line":177,"column":12}},"177":{"start":{"line":178,"column":0},"end":{"line":178,"column":21}},"178":{"start":{"line":179,"column":0},"end":{"line":179,"column":33}},"179":{"start":{"line":180,"column":0},"end":{"line":180,"column":31}},"180":{"start":{"line":181,"column":0},"end":{"line":181,"column":27}},"181":{"start":{"line":182,"column":0},"end":{"line":182,"column":8}},"182":{"start":{"line":183,"column":0},"end":{"line":183,"column":10}},"183":{"start":{"line":184,"column":0},"end":{"line":184,"column":4}},"184":{"start":{"line":185,"column":0},"end":{"line":185,"column":2}},"185":{"start":{"line":186,"column":0},"end":{"line":186,"column":0}},"186":{"start":{"line":187,"column":0},"end":{"line":187,"column":20}}},"s":{"0":1,"1":1,"2":1,"3":1,"4":1,"5":1,"6":1,"7":1,"8":1,"9":1,"10":1,"11":1,"12":1,"13":3,"14":3,"15":3,"16":3,"17":3,"18":2,"19":2,"20":2,"21":2,"22":2,"23":2,"24":2,"25":2,"26":2,"27":2,"28":0,"29":2,"30":2,"31":2,"32":2,"33":2,"34":3,"35":2,"36":3,"37":3,"38":3,"39":3,"40":0,"41":0,"42":0,"43":0,"44":3,"45":3,"46":3,"47":3,"48":3,"49":0,"50":0,"51":0,"52":0,"53":0,"54":0,"55":0,"56":0,"57":0,"58":3,"59":3,"60":0,"61":0,"62":0,"63":0,"64":0,"65":0,"66":0,"67":0,"68":0,"69":0,"70":0,"71":0,"72":0,"73":3,"74":0,"75":0,"76":0,"77":0,"78":0,"79":0,"80":0,"81":0,"82":0,"83":0,"84":0,"85":0,"86":0,"87":0,"88":0,"89":0,"90":0,"91":0,"92":0,"93":0,"94":0,"95":0,"96":0,"97":0,"98":0,"99":3,"100":0,"101":0,"102":0,"103":0,"104":0,"105":0,"106":0,"107":0,"108":0,"109":0,"110":0,"111":0,"112":0,"113":0,"114":0,"115":0,"116":0,"117":0,"118":0,"119":0,"120":0,"121":0,"122":0,"123":3,"124":0,"125":0,"126":0,"127":0,"128":0,"129":0,"130":0,"131":0,"132":0,"133":0,"134":0,"135":0,"136":0,"137":0,"138":0,"139":3,"140":0,"141":0,"142":3,"143":3,"144":3,"145":3,"146":3,"147":3,"148":3,"149":3,"150":3,"151":3,"152":3,"153":3,"154":3,"155":1,"156":1,"157":3,"158":3,"159":3,"160":3,"161":3,"162":3,"163":3,"164":3,"165":3,"166":3,"167":3,"168":3,"169":3,"170":3,"171":1,"172":1,"173":1,"174":1,"175":3,"176":3,"177":3,"178":3,"179":3,"180":3,"181":3,"182":3,"183":3,"184":3,"185":1,"186":1},"branchMap":{"0":{"type":"branch","line":13,"loc":{"start":{"line":13,"column":34},"end":{"line":185,"column":2}},"locations":[{"start":{"line":13,"column":34},"end":{"line":185,"column":2}}]},"1":{"type":"branch","line":171,"loc":{"start":{"line":171,"column":7},"end":{"line":175,"column":10}},"locations":[{"start":{"line":171,"column":7},"end":{"line":175,"column":10}}]},"2":{"type":"branch","line":18,"loc":{"start":{"line":18,"column":2},"end":{"line":34,"column":3}},"locations":[{"start":{"line":18,"column":2},"end":{"line":34,"column":3}}]},"3":{"type":"branch","line":27,"loc":{"start":{"line":27,"column":12},"end":{"line":27,"column":41}},"locations":[{"start":{"line":27,"column":12},"end":{"line":27,"column":41}}]},"4":{"type":"branch","line":31,"loc":{"start":{"line":31,"column":13},"end":{"line":33,"column":7}},"locations":[{"start":{"line":31,"column":13},"end":{"line":33,"column":7}}]},"5":{"type":"branch","line":35,"loc":{"start":{"line":35,"column":12},"end":{"line":37,"column":5}},"locations":[{"start":{"line":35,"column":12},"end":{"line":37,"column":5}}]},"6":{"type":"branch","line":39,"loc":{"start":{"line":39,"column":2},"end":{"line":45,"column":3}},"locations":[{"start":{"line":39,"column":2},"end":{"line":45,"column":3}}]},"7":{"type":"branch","line":40,"loc":{"start":{"line":40,"column":30},"end":{"line":44,"column":54}},"locations":[{"start":{"line":40,"column":30},"end":{"line":44,"column":54}}]},"8":{"type":"branch","line":46,"loc":{"start":{"line":46,"column":2},"end":{"line":59,"column":3}},"locations":[{"start":{"line":46,"column":2},"end":{"line":59,"column":3}}]},"9":{"type":"branch","line":49,"loc":{"start":{"line":49,"column":4},"end":{"line":58,"column":5}},"locations":[{"start":{"line":49,"column":4},"end":{"line":58,"column":5}}]},"10":{"type":"branch","line":155,"loc":{"start":{"line":155,"column":21},"end":{"line":157,"column":14}},"locations":[{"start":{"line":155,"column":21},"end":{"line":157,"column":14}}]}},"b":{"0":[3],"1":[1],"2":[2],"3":[2],"4":[2],"5":[2],"6":[3],"7":[0],"8":[3],"9":[0],"10":[1]},"fnMap":{"0":{"name":"Main","decl":{"start":{"line":13,"column":34},"end":{"line":185,"column":2}},"loc":{"start":{"line":13,"column":34},"end":{"line":185,"column":2}},"line":13},"1":{"name":"fetchData","decl":{"start":{"line":18,"column":2},"end":{"line":34,"column":3}},"loc":{"start":{"line":18,"column":2},"end":{"line":34,"column":3}},"line":18},"2":{"name":"filterTasks","decl":{"start":{"line":39,"column":2},"end":{"line":45,"column":3}},"loc":{"start":{"line":39,"column":2},"end":{"line":45,"column":3}},"line":39},"3":{"name":"getSearchResults","decl":{"start":{"line":46,"column":2},"end":{"line":59,"column":3}},"loc":{"start":{"line":46,"column":2},"end":{"line":59,"column":3}},"line":46},"4":{"name":"addTask","decl":{"start":{"line":60,"column":2},"end":{"line":73,"column":3}},"loc":{"start":{"line":60,"column":2},"end":{"line":73,"column":3}},"line":60},"5":{"name":"changeState","decl":{"start":{"line":74,"column":2},"end":{"line":99,"column":3}},"loc":{"start":{"line":74,"column":2},"end":{"line":99,"column":3}},"line":74},"6":{"name":"editTask","decl":{"start":{"line":100,"column":2},"end":{"line":123,"column":3}},"loc":{"start":{"line":100,"column":2},"end":{"line":123,"column":3}},"line":100},"7":{"name":"deleteTask","decl":{"start":{"line":124,"column":2},"end":{"line":139,"column":3}},"loc":{"start":{"line":124,"column":2},"end":{"line":139,"column":3}},"line":124},"8":{"name":"handleClose","decl":{"start":{"line":140,"column":22},"end":{"line":142,"column":4}},"loc":{"start":{"line":140,"column":22},"end":{"line":142,"column":4}},"line":140},"9":{"name":"onClick","decl":{"start":{"line":155,"column":21},"end":{"line":157,"column":14}},"loc":{"start":{"line":155,"column":21},"end":{"line":157,"column":14}},"line":155}},"f":{"0":3,"1":2,"2":3,"3":3,"4":0,"5":0,"6":0,"7":0,"8":0,"9":1}}
,"C:\\Users\\PC\\Downloads\\FTS-Training\\React\\todolist-typescript-vite\\todolist-typescript\\src\\Components\\Main\\AddModal\\AddModal.tsx": {"path":"C:\\Users\\PC\\Downloads\\FTS-Training\\React\\todolist-typescript-vite\\todolist-typescript\\src\\Components\\Main\\AddModal\\AddModal.tsx","all":false,"statementMap":{"0":{"start":{"line":1,"column":0},"end":{"line":1,"column":40}},"1":{"start":{"line":2,"column":0},"end":{"line":2,"column":43}},"2":{"start":{"line":3,"column":0},"end":{"line":3,"column":47}},"3":{"start":{"line":4,"column":0},"end":{"line":4,"column":0}},"4":{"start":{"line":5,"column":0},"end":{"line":5,"column":24}},"5":{"start":{"line":6,"column":0},"end":{"line":6,"column":16}},"6":{"start":{"line":7,"column":0},"end":{"line":7,"column":46}},"7":{"start":{"line":8,"column":0},"end":{"line":8,"column":3}},"8":{"start":{"line":9,"column":0},"end":{"line":9,"column":1}},"9":{"start":{"line":10,"column":0},"end":{"line":10,"column":18}},"10":{"start":{"line":11,"column":0},"end":{"line":11,"column":35}},"11":{"start":{"line":12,"column":0},"end":{"line":12,"column":1}},"12":{"start":{"line":13,"column":0},"end":{"line":13,"column":22}},"13":{"start":{"line":14,"column":0},"end":{"line":14,"column":47}},"14":{"start":{"line":15,"column":0},"end":{"line":15,"column":32}},"15":{"start":{"line":16,"column":0},"end":{"line":16,"column":2}},"16":{"start":{"line":17,"column":0},"end":{"line":17,"column":0}},"17":{"start":{"line":18,"column":0},"end":{"line":18,"column":81}},"18":{"start":{"line":19,"column":0},"end":{"line":19,"column":47}},"19":{"start":{"line":20,"column":0},"end":{"line":20,"column":55}},"20":{"start":{"line":21,"column":0},"end":{"line":21,"column":0}},"21":{"start":{"line":22,"column":0},"end":{"line":22,"column":50}},"22":{"start":{"line":23,"column":0},"end":{"line":23,"column":23}},"23":{"start":{"line":24,"column":0},"end":{"line":24,"column":25}},"24":{"start":{"line":25,"column":0},"end":{"line":25,"column":67}},"25":{"start":{"line":26,"column":0},"end":{"line":26,"column":20}},"26":{"start":{"line":27,"column":0},"end":{"line":27,"column":5}},"27":{"start":{"line":28,"column":0},"end":{"line":28,"column":31}},"28":{"start":{"line":29,"column":0},"end":{"line":29,"column":3}},"29":{"start":{"line":30,"column":0},"end":{"line":30,"column":26}},"30":{"start":{"line":31,"column":0},"end":{"line":31,"column":16}},"31":{"start":{"line":32,"column":0},"end":{"line":32,"column":20}},"32":{"start":{"line":33,"column":0},"end":{"line":33,"column":3}},"33":{"start":{"line":34,"column":0},"end":{"line":34,"column":10}},"34":{"start":{"line":35,"column":0},"end":{"line":35,"column":23}},"35":{"start":{"line":36,"column":0},"end":{"line":36,"column":15}},"36":{"start":{"line":37,"column":0},"end":{"line":37,"column":38}},"37":{"start":{"line":38,"column":0},"end":{"line":38,"column":33}},"38":{"start":{"line":39,"column":0},"end":{"line":39,"column":72}},"39":{"start":{"line":40,"column":0},"end":{"line":40,"column":48}},"40":{"start":{"line":41,"column":0},"end":{"line":41,"column":48}},"41":{"start":{"line":42,"column":0},"end":{"line":42,"column":20}},"42":{"start":{"line":43,"column":0},"end":{"line":43,"column":25}},"43":{"start":{"line":44,"column":0},"end":{"line":44,"column":27}},"44":{"start":{"line":45,"column":0},"end":{"line":45,"column":28}},"45":{"start":{"line":46,"column":0},"end":{"line":46,"column":25}},"46":{"start":{"line":47,"column":0},"end":{"line":47,"column":57}},"47":{"start":{"line":48,"column":0},"end":{"line":48,"column":32}},"48":{"start":{"line":49,"column":0},"end":{"line":49,"column":34}},"49":{"start":{"line":50,"column":0},"end":{"line":50,"column":16}},"50":{"start":{"line":51,"column":0},"end":{"line":51,"column":18}},"51":{"start":{"line":52,"column":0},"end":{"line":52,"column":48}},"52":{"start":{"line":53,"column":0},"end":{"line":53,"column":56}},"53":{"start":{"line":54,"column":0},"end":{"line":54,"column":20}},"54":{"start":{"line":55,"column":0},"end":{"line":55,"column":27}},"55":{"start":{"line":56,"column":0},"end":{"line":56,"column":32}},"56":{"start":{"line":57,"column":0},"end":{"line":57,"column":29}},"57":{"start":{"line":58,"column":0},"end":{"line":58,"column":61}},"58":{"start":{"line":59,"column":0},"end":{"line":59,"column":36}},"59":{"start":{"line":60,"column":0},"end":{"line":60,"column":38}},"60":{"start":{"line":61,"column":0},"end":{"line":61,"column":16}},"61":{"start":{"line":62,"column":0},"end":{"line":62,"column":18}},"62":{"start":{"line":63,"column":0},"end":{"line":63,"column":46}},"63":{"start":{"line":64,"column":0},"end":{"line":64,"column":21}},"64":{"start":{"line":65,"column":0},"end":{"line":65,"column":29}},"65":{"start":{"line":66,"column":0},"end":{"line":66,"column":39}},"66":{"start":{"line":67,"column":0},"end":{"line":67,"column":58}},"67":{"start":{"line":68,"column":0},"end":{"line":68,"column":15}},"68":{"start":{"line":69,"column":0},"end":{"line":69,"column":22}},"69":{"start":{"line":70,"column":0},"end":{"line":70,"column":23}},"70":{"start":{"line":71,"column":0},"end":{"line":71,"column":48}},"71":{"start":{"line":72,"column":0},"end":{"line":72,"column":18}},"72":{"start":{"line":73,"column":0},"end":{"line":73,"column":17}},"73":{"start":{"line":74,"column":0},"end":{"line":74,"column":14}},"74":{"start":{"line":75,"column":0},"end":{"line":75,"column":16}},"75":{"start":{"line":76,"column":0},"end":{"line":76,"column":10}},"76":{"start":{"line":77,"column":0},"end":{"line":77,"column":4}},"77":{"start":{"line":78,"column":0},"end":{"line":78,"column":2}},"78":{"start":{"line":79,"column":0},"end":{"line":79,"column":0}},"79":{"start":{"line":80,"column":0},"end":{"line":80,"column":24}}},"s":{"0":1,"1":1,"2":1,"3":1,"4":1,"5":1,"6":1,"7":0,"8":1,"9":1,"10":1,"11":1,"12":1,"13":1,"14":1,"15":1,"16":1,"17":1,"18":7,"19":7,"20":7,"21":7,"22":2,"23":2,"24":1,"25":1,"26":1,"27":2,"28":2,"29":7,"30":1,"31":1,"32":1,"33":7,"34":7,"35":7,"36":7,"37":7,"38":7,"39":7,"40":7,"41":7,"42":7,"43":7,"44":7,"45":7,"46":7,"47":7,"48":7,"49":7,"50":7,"51":7,"52":7,"53":7,"54":7,"55":7,"56":7,"57":7,"58":7,"59":7,"60":7,"61":7,"62":7,"63":7,"64":7,"65":7,"66":7,"67":7,"68":7,"69":7,"70":7,"71":7,"72":7,"73":7,"74":7,"75":7,"76":7,"77":7,"78":1,"79":1},"branchMap":{"0":{"type":"branch","line":5,"loc":{"start":{"line":5,"column":0},"end":{"line":9,"column":1}},"locations":[{"start":{"line":5,"column":0},"end":{"line":9,"column":1}}]},"1":{"type":"branch","line":7,"loc":{"start":{"line":7,"column":44},"end":{"line":8,"column":3}},"locations":[{"start":{"line":7,"column":44},"end":{"line":8,"column":3}}]},"2":{"type":"branch","line":10,"loc":{"start":{"line":10,"column":0},"end":{"line":12,"column":1}},"locations":[{"start":{"line":10,"column":0},"end":{"line":12,"column":1}}]},"3":{"type":"branch","line":18,"loc":{"start":{"line":18,"column":42},"end":{"line":78,"column":2}},"locations":[{"start":{"line":18,"column":42},"end":{"line":78,"column":2}}]},"4":{"type":"branch","line":22,"loc":{"start":{"line":22,"column":2},"end":{"line":29,"column":3}},"locations":[{"start":{"line":22,"column":2},"end":{"line":29,"column":3}}]},"5":{"type":"branch","line":24,"loc":{"start":{"line":24,"column":7},"end":{"line":24,"column":24}},"locations":[{"start":{"line":24,"column":7},"end":{"line":24,"column":24}}]},"6":{"type":"branch","line":24,"loc":{"start":{"line":24,"column":24},"end":{"line":27,"column":5}},"locations":[{"start":{"line":24,"column":24},"end":{"line":27,"column":5}}]},"7":{"type":"branch","line":30,"loc":{"start":{"line":30,"column":2},"end":{"line":33,"column":3}},"locations":[{"start":{"line":30,"column":2},"end":{"line":33,"column":3}}]},"8":{"type":"branch","line":39,"loc":{"start":{"line":39,"column":26},"end":{"line":39,"column":72}},"locations":[{"start":{"line":39,"column":26},"end":{"line":39,"column":72}}]},"9":{"type":"branch","line":47,"loc":{"start":{"line":47,"column":26},"end":{"line":47,"column":57}},"locations":[{"start":{"line":47,"column":26},"end":{"line":47,"column":57}}]},"10":{"type":"branch","line":58,"loc":{"start":{"line":58,"column":26},"end":{"line":58,"column":61}},"locations":[{"start":{"line":58,"column":26},"end":{"line":58,"column":61}}]},"11":{"type":"branch","line":67,"loc":{"start":{"line":67,"column":25},"end":{"line":67,"column":58}},"locations":[{"start":{"line":67,"column":25},"end":{"line":67,"column":58}}]}},"b":{"0":[1],"1":[0],"2":[1],"3":[7],"4":[2],"5":[1],"6":[1],"7":[1],"8":[2],"9":[1],"10":[1],"11":[1]},"fnMap":{"0":{"name":"generateID","decl":{"start":{"line":5,"column":0},"end":{"line":9,"column":1}},"loc":{"start":{"line":5,"column":0},"end":{"line":9,"column":1}},"line":5},"1":{"name":"getID","decl":{"start":{"line":10,"column":0},"end":{"line":12,"column":1}},"loc":{"start":{"line":10,"column":0},"end":{"line":12,"column":1}},"line":10},"2":{"name":"AddModal","decl":{"start":{"line":18,"column":42},"end":{"line":78,"column":2}},"loc":{"start":{"line":18,"column":42},"end":{"line":78,"column":2}},"line":18},"3":{"name":"submitHandle","decl":{"start":{"line":22,"column":2},"end":{"line":29,"column":3}},"loc":{"start":{"line":22,"column":2},"end":{"line":29,"column":3}},"line":22},"4":{"name":"resetHandle","decl":{"start":{"line":30,"column":2},"end":{"line":33,"column":3}},"loc":{"start":{"line":30,"column":2},"end":{"line":33,"column":3}},"line":30},"5":{"name":"onSubmit","decl":{"start":{"line":39,"column":26},"end":{"line":39,"column":72}},"loc":{"start":{"line":39,"column":26},"end":{"line":39,"column":72}},"line":39},"6":{"name":"onChange","decl":{"start":{"line":47,"column":26},"end":{"line":47,"column":57}},"loc":{"start":{"line":47,"column":26},"end":{"line":47,"column":57}},"line":47},"7":{"name":"onChange","decl":{"start":{"line":58,"column":26},"end":{"line":58,"column":61}},"loc":{"start":{"line":58,"column":26},"end":{"line":58,"column":61}},"line":58},"8":{"name":"onClick","decl":{"start":{"line":67,"column":25},"end":{"line":67,"column":58}},"loc":{"start":{"line":67,"column":25},"end":{"line":67,"column":58}},"line":67}},"f":{"0":1,"1":1,"2":7,"3":2,"4":1,"5":2,"6":1,"7":1,"8":1}}
,"C:\\Users\\PC\\Downloads\\FTS-Training\\React\\todolist-typescript-vite\\todolist-typescript\\src\\Components\\Main\\Filters\\Filters.tsx": {"path":"C:\\Users\\PC\\Downloads\\FTS-Training\\React\\todolist-typescript-vite\\todolist-typescript\\src\\Components\\Main\\Filters\\Filters.tsx","all":false,"statementMap":{"0":{"start":{"line":1,"column":0},"end":{"line":1,"column":26}},"1":{"start":{"line":2,"column":0},"end":{"line":2,"column":42}},"2":{"start":{"line":3,"column":0},"end":{"line":3,"column":47}},"3":{"start":{"line":4,"column":0},"end":{"line":4,"column":0}},"4":{"start":{"line":5,"column":0},"end":{"line":5,"column":21}},"5":{"start":{"line":6,"column":0},"end":{"line":6,"column":16}},"6":{"start":{"line":7,"column":0},"end":{"line":7,"column":23}},"7":{"start":{"line":8,"column":0},"end":{"line":8,"column":46}},"8":{"start":{"line":9,"column":0},"end":{"line":9,"column":2}},"9":{"start":{"line":10,"column":0},"end":{"line":10,"column":0}},"10":{"start":{"line":11,"column":0},"end":{"line":11,"column":42}},"11":{"start":{"line":12,"column":0},"end":{"line":12,"column":8}},"12":{"start":{"line":13,"column":0},"end":{"line":13,"column":15}},"13":{"start":{"line":14,"column":0},"end":{"line":14,"column":23}},"14":{"start":{"line":15,"column":0},"end":{"line":15,"column":7}},"15":{"start":{"line":16,"column":0},"end":{"line":16,"column":64}},"16":{"start":{"line":17,"column":0},"end":{"line":17,"column":48}},"17":{"start":{"line":18,"column":0},"end":{"line":18,"column":0}},"18":{"start":{"line":19,"column":0},"end":{"line":19,"column":36}},"19":{"start":{"line":20,"column":0},"end":{"line":20,"column":60}},"20":{"start":{"line":21,"column":0},"end":{"line":21,"column":38}},"21":{"start":{"line":22,"column":0},"end":{"line":22,"column":3}},"22":{"start":{"line":23,"column":0},"end":{"line":23,"column":39}},"23":{"start":{"line":24,"column":0},"end":{"line":24,"column":63}},"24":{"start":{"line":25,"column":0},"end":{"line":25,"column":41}},"25":{"start":{"line":26,"column":0},"end":{"line":26,"column":3}},"26":{"start":{"line":27,"column":0},"end":{"line":27,"column":0}},"27":{"start":{"line":28,"column":0},"end":{"line":28,"column":10}},"28":{"start":{"line":29,"column":0},"end":{"line":29,"column":36}},"29":{"start":{"line":30,"column":0},"end":{"line":30,"column":11}},"30":{"start":{"line":31,"column":0},"end":{"line":31,"column":64}},"31":{"start":{"line":32,"column":0},"end":{"line":32,"column":33}},"32":{"start":{"line":33,"column":0},"end":{"line":33,"column":7}},"33":{"start":{"line":34,"column":0},"end":{"line":34,"column":39}},"34":{"start":{"line":35,"column":0},"end":{"line":35,"column":13}},"35":{"start":{"line":36,"column":0},"end":{"line":36,"column":11}},"36":{"start":{"line":37,"column":0},"end":{"line":37,"column":67}},"37":{"start":{"line":38,"column":0},"end":{"line":38,"column":36}},"38":{"start":{"line":39,"column":0},"end":{"line":39,"column":7}},"39":{"start":{"line":40,"column":0},"end":{"line":40,"column":45}},"40":{"start":{"line":41,"column":0},"end":{"line":41,"column":13}},"41":{"start":{"line":42,"column":0},"end":{"line":42,"column":10}},"42":{"start":{"line":43,"column":0},"end":{"line":43,"column":4}},"43":{"start":{"line":44,"column":0},"end":{"line":44,"column":2}},"44":{"start":{"line":45,"column":0},"end":{"line":45,"column":0}},"45":{"start":{"line":46,"column":0},"end":{"line":46,"column":23}}},"s":{"0":1,"1":1,"2":1,"3":1,"4":1,"5":1,"6":1,"7":1,"8":1,"9":1,"10":1,"11":5,"12":5,"13":5,"14":5,"15":5,"16":5,"17":5,"18":5,"19":1,"20":1,"21":1,"22":5,"23":1,"24":1,"25":1,"26":5,"27":5,"28":5,"29":5,"30":5,"31":5,"32":5,"33":5,"34":5,"35":5,"36":5,"37":5,"38":5,"39":5,"40":5,"41":5,"42":5,"43":5,"44":1,"45":1},"branchMap":{"0":{"type":"branch","line":11,"loc":{"start":{"line":11,"column":40},"end":{"line":44,"column":2}},"locations":[{"start":{"line":11,"column":40},"end":{"line":44,"column":2}}]},"1":{"type":"branch","line":31,"loc":{"start":{"line":31,"column":36},"end":{"line":31,"column":61}},"locations":[{"start":{"line":31,"column":36},"end":{"line":31,"column":61}}]},"2":{"type":"branch","line":37,"loc":{"start":{"line":37,"column":36},"end":{"line":37,"column":64}},"locations":[{"start":{"line":37,"column":36},"end":{"line":37,"column":64}}]},"3":{"type":"branch","line":19,"loc":{"start":{"line":19,"column":2},"end":{"line":22,"column":3}},"locations":[{"start":{"line":19,"column":2},"end":{"line":22,"column":3}}]},"4":{"type":"branch","line":20,"loc":{"start":{"line":20,"column":32},"end":{"line":20,"column":60}},"locations":[{"start":{"line":20,"column":32},"end":{"line":20,"column":60}}]},"5":{"type":"branch","line":23,"loc":{"start":{"line":23,"column":2},"end":{"line":26,"column":3}},"locations":[{"start":{"line":23,"column":2},"end":{"line":26,"column":3}}]},"6":{"type":"branch","line":24,"loc":{"start":{"line":24,"column":35},"end":{"line":24,"column":63}},"locations":[{"start":{"line":24,"column":35},"end":{"line":24,"column":63}}]}},"b":{"0":[5],"1":[0],"2":[0],"3":[1],"4":[0],"5":[1],"6":[0]},"fnMap":{"0":{"name":"Filters","decl":{"start":{"line":11,"column":40},"end":{"line":44,"column":2}},"loc":{"start":{"line":11,"column":40},"end":{"line":44,"column":2}},"line":11},"1":{"name":"handleDoneClick","decl":{"start":{"line":19,"column":2},"end":{"line":22,"column":3}},"loc":{"start":{"line":19,"column":2},"end":{"line":22,"column":3}},"line":19},"2":{"name":"handlePendingClick","decl":{"start":{"line":23,"column":2},"end":{"line":26,"column":3}},"loc":{"start":{"line":23,"column":2},"end":{"line":26,"column":3}},"line":23}},"f":{"0":5,"1":1,"2":1}}
,"C:\\Users\\PC\\Downloads\\FTS-Training\\React\\todolist-typescript-vite\\todolist-typescript\\src\\Components\\Tasks\\Tasks.tsx": {"path":"C:\\Users\\PC\\Downloads\\FTS-Training\\React\\todolist-typescript-vite\\todolist-typescript\\src\\Components\\Tasks\\Tasks.tsx","all":false,"statementMap":{"0":{"start":{"line":1,"column":0},"end":{"line":1,"column":40}},"1":{"start":{"line":2,"column":0},"end":{"line":2,"column":40}},"2":{"start":{"line":3,"column":0},"end":{"line":3,"column":44}},"3":{"start":{"line":4,"column":0},"end":{"line":4,"column":46}},"4":{"start":{"line":5,"column":0},"end":{"line":5,"column":0}},"5":{"start":{"line":6,"column":0},"end":{"line":6,"column":19}},"6":{"start":{"line":7,"column":0},"end":{"line":7,"column":16}},"7":{"start":{"line":8,"column":0},"end":{"line":8,"column":36}},"8":{"start":{"line":9,"column":0},"end":{"line":9,"column":53}},"9":{"start":{"line":10,"column":0},"end":{"line":10,"column":50}},"10":{"start":{"line":11,"column":0},"end":{"line":11,"column":2}},"11":{"start":{"line":12,"column":0},"end":{"line":12,"column":38}},"12":{"start":{"line":13,"column":0},"end":{"line":13,"column":8}},"13":{"start":{"line":14,"column":0},"end":{"line":14,"column":14}},"14":{"start":{"line":15,"column":0},"end":{"line":15,"column":13}},"15":{"start":{"line":16,"column":0},"end":{"line":16,"column":11}},"16":{"start":{"line":17,"column":0},"end":{"line":17,"column":7}},"17":{"start":{"line":18,"column":0},"end":{"line":18,"column":65}},"18":{"start":{"line":19,"column":0},"end":{"line":19,"column":59}},"19":{"start":{"line":20,"column":0},"end":{"line":20,"column":51}},"20":{"start":{"line":21,"column":0},"end":{"line":21,"column":59}},"21":{"start":{"line":22,"column":0},"end":{"line":22,"column":0}},"22":{"start":{"line":23,"column":0},"end":{"line":23,"column":35}},"23":{"start":{"line":24,"column":0},"end":{"line":24,"column":26}},"24":{"start":{"line":25,"column":0},"end":{"line":25,"column":4}},"25":{"start":{"line":26,"column":0},"end":{"line":26,"column":36}},"26":{"start":{"line":27,"column":0},"end":{"line":27,"column":19}},"27":{"start":{"line":28,"column":0},"end":{"line":28,"column":3}},"28":{"start":{"line":29,"column":0},"end":{"line":29,"column":25}},"29":{"start":{"line":30,"column":0},"end":{"line":30,"column":18}},"30":{"start":{"line":31,"column":0},"end":{"line":31,"column":3}},"31":{"start":{"line":32,"column":0},"end":{"line":32,"column":36}},"32":{"start":{"line":33,"column":0},"end":{"line":33,"column":29}},"33":{"start":{"line":34,"column":0},"end":{"line":34,"column":22}},"34":{"start":{"line":35,"column":0},"end":{"line":35,"column":17}},"35":{"start":{"line":36,"column":0},"end":{"line":36,"column":3}},"36":{"start":{"line":37,"column":0},"end":{"line":37,"column":10}},"37":{"start":{"line":38,"column":0},"end":{"line":38,"column":38}},"38":{"start":{"line":39,"column":0},"end":{"line":39,"column":55}},"39":{"start":{"line":40,"column":0},"end":{"line":40,"column":31}},"40":{"start":{"line":41,"column":0},"end":{"line":41,"column":18}},"41":{"start":{"line":42,"column":0},"end":{"line":42,"column":15}},"42":{"start":{"line":43,"column":0},"end":{"line":43,"column":27}},"43":{"start":{"line":44,"column":0},"end":{"line":44,"column":75}},"44":{"start":{"line":45,"column":0},"end":{"line":45,"column":13}},"45":{"start":{"line":46,"column":0},"end":{"line":46,"column":19}},"46":{"start":{"line":47,"column":0},"end":{"line":47,"column":23}},"47":{"start":{"line":48,"column":0},"end":{"line":48,"column":49}},"48":{"start":{"line":49,"column":0},"end":{"line":49,"column":54}},"49":{"start":{"line":50,"column":0},"end":{"line":50,"column":17}},"50":{"start":{"line":51,"column":0},"end":{"line":51,"column":20}},"51":{"start":{"line":52,"column":0},"end":{"line":52,"column":31}},"52":{"start":{"line":53,"column":0},"end":{"line":53,"column":33}},"53":{"start":{"line":54,"column":0},"end":{"line":54,"column":70}},"54":{"start":{"line":55,"column":0},"end":{"line":55,"column":68}},"55":{"start":{"line":56,"column":0},"end":{"line":56,"column":21}},"56":{"start":{"line":57,"column":0},"end":{"line":57,"column":48}},"57":{"start":{"line":58,"column":0},"end":{"line":58,"column":23}},"58":{"start":{"line":59,"column":0},"end":{"line":59,"column":25}},"59":{"start":{"line":60,"column":0},"end":{"line":60,"column":20}},"60":{"start":{"line":61,"column":0},"end":{"line":61,"column":19}},"61":{"start":{"line":62,"column":0},"end":{"line":62,"column":54}},"62":{"start":{"line":63,"column":0},"end":{"line":63,"column":24}},"63":{"start":{"line":64,"column":0},"end":{"line":64,"column":29}},"64":{"start":{"line":65,"column":0},"end":{"line":65,"column":33}},"65":{"start":{"line":66,"column":0},"end":{"line":66,"column":47}},"66":{"start":{"line":67,"column":0},"end":{"line":67,"column":55}},"67":{"start":{"line":68,"column":0},"end":{"line":68,"column":38}},"68":{"start":{"line":69,"column":0},"end":{"line":69,"column":52}},"69":{"start":{"line":70,"column":0},"end":{"line":70,"column":22}},"70":{"start":{"line":71,"column":0},"end":{"line":71,"column":38}},"71":{"start":{"line":72,"column":0},"end":{"line":72,"column":20}},"72":{"start":{"line":73,"column":0},"end":{"line":73,"column":21}},"73":{"start":{"line":74,"column":0},"end":{"line":74,"column":20}},"74":{"start":{"line":75,"column":0},"end":{"line":75,"column":33}},"75":{"start":{"line":76,"column":0},"end":{"line":76,"column":42}},"76":{"start":{"line":77,"column":0},"end":{"line":77,"column":47}},"77":{"start":{"line":78,"column":0},"end":{"line":78,"column":42}},"78":{"start":{"line":79,"column":0},"end":{"line":79,"column":22}},"79":{"start":{"line":80,"column":0},"end":{"line":80,"column":19}},"80":{"start":{"line":81,"column":0},"end":{"line":81,"column":31}},"81":{"start":{"line":82,"column":0},"end":{"line":82,"column":22}},"82":{"start":{"line":83,"column":0},"end":{"line":83,"column":18}},"83":{"start":{"line":84,"column":0},"end":{"line":84,"column":44}},"84":{"start":{"line":85,"column":0},"end":{"line":85,"column":20}},"85":{"start":{"line":86,"column":0},"end":{"line":86,"column":49}},"86":{"start":{"line":87,"column":0},"end":{"line":87,"column":23}},"87":{"start":{"line":88,"column":0},"end":{"line":88,"column":46}},"88":{"start":{"line":89,"column":0},"end":{"line":89,"column":32}},"89":{"start":{"line":90,"column":0},"end":{"line":90,"column":34}},"90":{"start":{"line":91,"column":0},"end":{"line":91,"column":41}},"91":{"start":{"line":92,"column":0},"end":{"line":92,"column":43}},"92":{"start":{"line":93,"column":0},"end":{"line":93,"column":20}},"93":{"start":{"line":94,"column":0},"end":{"line":94,"column":17}},"94":{"start":{"line":95,"column":0},"end":{"line":95,"column":20}},"95":{"start":{"line":96,"column":0},"end":{"line":96,"column":49}},"96":{"start":{"line":97,"column":0},"end":{"line":97,"column":48}},"97":{"start":{"line":98,"column":0},"end":{"line":98,"column":23}},"98":{"start":{"line":99,"column":0},"end":{"line":99,"column":25}},"99":{"start":{"line":100,"column":0},"end":{"line":100,"column":23}},"100":{"start":{"line":101,"column":0},"end":{"line":101,"column":44}},"101":{"start":{"line":102,"column":0},"end":{"line":102,"column":30}},"102":{"start":{"line":103,"column":0},"end":{"line":103,"column":34}},"103":{"start":{"line":104,"column":0},"end":{"line":104,"column":45}},"104":{"start":{"line":105,"column":0},"end":{"line":105,"column":40}},"105":{"start":{"line":106,"column":0},"end":{"line":106,"column":20}},"106":{"start":{"line":107,"column":0},"end":{"line":107,"column":40}},"107":{"start":{"line":108,"column":0},"end":{"line":108,"column":17}},"108":{"start":{"line":109,"column":0},"end":{"line":109,"column":63}},"109":{"start":{"line":110,"column":0},"end":{"line":110,"column":25}},"110":{"start":{"line":111,"column":0},"end":{"line":111,"column":20}},"111":{"start":{"line":112,"column":0},"end":{"line":112,"column":17}},"112":{"start":{"line":113,"column":0},"end":{"line":113,"column":12}},"113":{"start":{"line":114,"column":0},"end":{"line":114,"column":11}},"114":{"start":{"line":115,"column":0},"end":{"line":115,"column":11}},"115":{"start":{"line":116,"column":0},"end":{"line":116,"column":23}},"116":{"start":{"line":117,"column":0},"end":{"line":117,"column":18}},"117":{"start":{"line":118,"column":0},"end":{"line":118,"column":35}},"118":{"start":{"line":119,"column":0},"end":{"line":119,"column":33}},"119":{"start":{"line":120,"column":0},"end":{"line":120,"column":23}},"120":{"start":{"line":121,"column":0},"end":{"line":121,"column":25}},"121":{"start":{"line":122,"column":0},"end":{"line":122,"column":10}},"122":{"start":{"line":123,"column":0},"end":{"line":123,"column":8}},"123":{"start":{"line":124,"column":0},"end":{"line":124,"column":14}},"124":{"start":{"line":125,"column":0},"end":{"line":125,"column":4}},"125":{"start":{"line":126,"column":0},"end":{"line":126,"column":2}},"126":{"start":{"line":127,"column":0},"end":{"line":127,"column":0}},"127":{"start":{"line":128,"column":0},"end":{"line":128,"column":21}}},"s":{"0":1,"1":1,"2":1,"3":1,"4":1,"5":1,"6":1,"7":1,"8":1,"9":1,"10":1,"11":1,"12":12,"13":12,"14":12,"15":12,"16":12,"17":12,"18":12,"19":12,"20":12,"21":12,"22":12,"23":0,"24":0,"25":12,"26":2,"27":2,"28":12,"29":0,"30":0,"31":12,"32":0,"33":0,"34":0,"35":0,"36":12,"37":12,"38":12,"39":12,"40":9,"41":9,"42":9,"43":9,"44":9,"45":9,"46":9,"47":9,"48":9,"49":9,"50":9,"51":9,"52":9,"53":2,"54":7,"55":9,"56":9,"57":9,"58":9,"59":9,"60":9,"61":9,"62":2,"63":2,"64":2,"65":2,"66":2,"67":2,"68":0,"69":0,"70":2,"71":2,"72":7,"73":7,"74":7,"75":7,"76":1,"77":1,"78":1,"79":7,"80":7,"81":7,"82":9,"83":9,"84":9,"85":9,"86":9,"87":9,"88":9,"89":9,"90":1,"91":1,"92":1,"93":9,"94":9,"95":9,"96":9,"97":9,"98":9,"99":9,"100":9,"101":9,"102":9,"103":1,"104":1,"105":1,"106":9,"107":9,"108":9,"109":9,"110":9,"111":9,"112":9,"113":12,"114":12,"115":12,"116":1,"117":1,"118":1,"119":1,"120":1,"121":1,"122":12,"123":12,"124":12,"125":12,"126":1,"127":1},"branchMap":{"0":{"type":"branch","line":12,"loc":{"start":{"line":12,"column":36},"end":{"line":126,"column":2}},"locations":[{"start":{"line":12,"column":36},"end":{"line":126,"column":2}}]},"1":{"type":"branch","line":116,"loc":{"start":{"line":116,"column":7},"end":{"line":122,"column":10}},"locations":[{"start":{"line":116,"column":7},"end":{"line":122,"column":10}}]},"2":{"type":"branch","line":26,"loc":{"start":{"line":26,"column":2},"end":{"line":28,"column":3}},"locations":[{"start":{"line":26,"column":2},"end":{"line":28,"column":3}}]},"3":{"type":"branch","line":40,"loc":{"start":{"line":40,"column":20},"end":{"line":114,"column":9}},"locations":[{"start":{"line":40,"column":20},"end":{"line":114,"column":9}}]},"4":{"type":"branch","line":44,"loc":{"start":{"line":44,"column":30},"end":{"line":44,"column":57}},"locations":[{"start":{"line":44,"column":30},"end":{"line":44,"column":57}}]},"5":{"type":"branch","line":44,"loc":{"start":{"line":44,"column":46},"end":{"line":44,"column":75}},"locations":[{"start":{"line":44,"column":46},"end":{"line":44,"column":75}}]},"6":{"type":"branch","line":53,"loc":{"start":{"line":53,"column":27},"end":{"line":54,"column":70}},"locations":[{"start":{"line":53,"column":27},"end":{"line":54,"column":70}}]},"7":{"type":"branch","line":54,"loc":{"start":{"line":54,"column":61},"end":{"line":55,"column":68}},"locations":[{"start":{"line":54,"column":61},"end":{"line":55,"column":68}}]},"8":{"type":"branch","line":62,"loc":{"start":{"line":62,"column":32},"end":{"line":62,"column":54}},"locations":[{"start":{"line":62,"column":32},"end":{"line":62,"column":54}}]},"9":{"type":"branch","line":62,"loc":{"start":{"line":62,"column":44},"end":{"line":72,"column":20}},"locations":[{"start":{"line":62,"column":44},"end":{"line":72,"column":20}}]},"10":{"type":"branch","line":72,"loc":{"start":{"line":72,"column":18},"end":{"line":82,"column":22}},"locations":[{"start":{"line":72,"column":18},"end":{"line":82,"column":22}}]},"11":{"type":"branch","line":49,"loc":{"start":{"line":49,"column":27},"end":{"line":49,"column":54}},"locations":[{"start":{"line":49,"column":27},"end":{"line":49,"column":54}}]},"12":{"type":"branch","line":76,"loc":{"start":{"line":76,"column":35},"end":{"line":79,"column":22}},"locations":[{"start":{"line":76,"column":35},"end":{"line":79,"column":22}}]},"13":{"type":"branch","line":90,"loc":{"start":{"line":90,"column":27},"end":{"line":93,"column":20}},"locations":[{"start":{"line":90,"column":27},"end":{"line":93,"column":20}}]},"14":{"type":"branch","line":103,"loc":{"start":{"line":103,"column":27},"end":{"line":106,"column":20}},"locations":[{"start":{"line":103,"column":27},"end":{"line":106,"column":20}}]}},"b":{"0":[12],"1":[1],"2":[2],"3":[9],"4":[2],"5":[7],"6":[2],"7":[7],"8":[2],"9":[2],"10":[7],"11":[2],"12":[1],"13":[1],"14":[1]},"fnMap":{"0":{"name":"Tasks","decl":{"start":{"line":12,"column":36},"end":{"line":126,"column":2}},"loc":{"start":{"line":12,"column":36},"end":{"line":126,"column":2}},"line":12},"1":{"name":"handleClose","decl":{"start":{"line":23,"column":22},"end":{"line":25,"column":4}},"loc":{"start":{"line":23,"column":22},"end":{"line":25,"column":4}},"line":23},"2":{"name":"turnToEdit","decl":{"start":{"line":26,"column":2},"end":{"line":28,"column":3}},"loc":{"start":{"line":26,"column":2},"end":{"line":28,"column":3}},"line":26},"3":{"name":"turnToTask","decl":{"start":{"line":29,"column":2},"end":{"line":31,"column":3}},"loc":{"start":{"line":29,"column":2},"end":{"line":31,"column":3}},"line":29},"4":{"name":"submitInput","decl":{"start":{"line":32,"column":2},"end":{"line":36,"column":3}},"loc":{"start":{"line":32,"column":2},"end":{"line":36,"column":3}},"line":32},"5":{"name":"onClick","decl":{"start":{"line":49,"column":27},"end":{"line":49,"column":54}},"loc":{"start":{"line":49,"column":27},"end":{"line":49,"column":54}},"line":49},"6":{"name":"onBlur","decl":{"start":{"line":67,"column":28},"end":{"line":67,"column":55}},"loc":{"start":{"line":67,"column":28},"end":{"line":67,"column":55}},"line":67},"7":{"name":"onChange","decl":{"start":{"line":68,"column":30},"end":{"line":70,"column":22}},"loc":{"start":{"line":68,"column":30},"end":{"line":70,"column":22}},"line":68},"8":{"name":"onDoubleClick","decl":{"start":{"line":76,"column":35},"end":{"line":79,"column":22}},"loc":{"start":{"line":76,"column":35},"end":{"line":79,"column":22}},"line":76},"9":{"name":"onClick","decl":{"start":{"line":90,"column":27},"end":{"line":93,"column":20}},"loc":{"start":{"line":90,"column":27},"end":{"line":93,"column":20}},"line":90},"10":{"name":"onClick","decl":{"start":{"line":103,"column":27},"end":{"line":106,"column":20}},"loc":{"start":{"line":103,"column":27},"end":{"line":106,"column":20}},"line":103}},"f":{"0":12,"1":0,"2":2,"3":0,"4":0,"5":2,"6":0,"7":0,"8":1,"9":1,"10":1}}
,"C:\\Users\\PC\\Downloads\\FTS-Training\\React\\todolist-typescript-vite\\todolist-typescript\\src\\Components\\Tasks\\ModaLTask\\ModalTask.tsx": {"path":"C:\\Users\\PC\\Downloads\\FTS-Training\\React\\todolist-typescript-vite\\todolist-typescript\\src\\Components\\Tasks\\ModaLTask\\ModalTask.tsx","all":false,"statementMap":{"0":{"start":{"line":1,"column":0},"end":{"line":1,"column":26}},"1":{"start":{"line":2,"column":0},"end":{"line":2,"column":47}},"2":{"start":{"line":3,"column":0},"end":{"line":3,"column":45}},"3":{"start":{"line":4,"column":0},"end":{"line":4,"column":0}},"4":{"start":{"line":5,"column":0},"end":{"line":5,"column":23}},"5":{"start":{"line":6,"column":0},"end":{"line":6,"column":26}},"6":{"start":{"line":7,"column":0},"end":{"line":7,"column":53}},"7":{"start":{"line":8,"column":0},"end":{"line":8,"column":13}},"8":{"start":{"line":9,"column":0},"end":{"line":9,"column":16}},"9":{"start":{"line":10,"column":0},"end":{"line":10,"column":2}},"10":{"start":{"line":11,"column":0},"end":{"line":11,"column":46}},"11":{"start":{"line":12,"column":0},"end":{"line":12,"column":14}},"12":{"start":{"line":13,"column":0},"end":{"line":13,"column":13}},"13":{"start":{"line":14,"column":0},"end":{"line":14,"column":5}},"14":{"start":{"line":15,"column":0},"end":{"line":15,"column":8}},"15":{"start":{"line":16,"column":0},"end":{"line":16,"column":7}},"16":{"start":{"line":17,"column":0},"end":{"line":17,"column":10}},"17":{"start":{"line":18,"column":0},"end":{"line":18,"column":51}},"18":{"start":{"line":19,"column":0},"end":{"line":19,"column":26}},"19":{"start":{"line":20,"column":0},"end":{"line":20,"column":55}},"20":{"start":{"line":21,"column":0},"end":{"line":21,"column":12}},"21":{"start":{"line":22,"column":0},"end":{"line":22,"column":71}},"22":{"start":{"line":23,"column":0},"end":{"line":23,"column":13}},"23":{"start":{"line":24,"column":0},"end":{"line":24,"column":40}},"24":{"start":{"line":25,"column":0},"end":{"line":25,"column":15}},"25":{"start":{"line":26,"column":0},"end":{"line":26,"column":23}},"26":{"start":{"line":27,"column":0},"end":{"line":27,"column":33}},"27":{"start":{"line":28,"column":0},"end":{"line":28,"column":39}},"28":{"start":{"line":29,"column":0},"end":{"line":29,"column":9}},"29":{"start":{"line":30,"column":0},"end":{"line":30,"column":16}},"30":{"start":{"line":31,"column":0},"end":{"line":31,"column":17}},"31":{"start":{"line":32,"column":0},"end":{"line":32,"column":15}},"32":{"start":{"line":33,"column":0},"end":{"line":33,"column":23}},"33":{"start":{"line":34,"column":0},"end":{"line":34,"column":21}},"34":{"start":{"line":35,"column":0},"end":{"line":35,"column":26}},"35":{"start":{"line":36,"column":0},"end":{"line":36,"column":34}},"36":{"start":{"line":37,"column":0},"end":{"line":37,"column":26}},"37":{"start":{"line":38,"column":0},"end":{"line":38,"column":12}},"38":{"start":{"line":39,"column":0},"end":{"line":39,"column":9}},"39":{"start":{"line":40,"column":0},"end":{"line":40,"column":16}},"40":{"start":{"line":41,"column":0},"end":{"line":41,"column":17}},"41":{"start":{"line":42,"column":0},"end":{"line":42,"column":12}},"42":{"start":{"line":43,"column":0},"end":{"line":43,"column":10}},"43":{"start":{"line":44,"column":0},"end":{"line":44,"column":4}},"44":{"start":{"line":45,"column":0},"end":{"line":45,"column":2}},"45":{"start":{"line":46,"column":0},"end":{"line":46,"column":0}},"46":{"start":{"line":47,"column":0},"end":{"line":47,"column":25}}},"s":{"0":1,"1":1,"2":1,"3":1,"4":1,"5":1,"6":1,"7":1,"8":1,"9":1,"10":1,"11":3,"12":3,"13":3,"14":3,"15":3,"16":3,"17":3,"18":3,"19":3,"20":3,"21":3,"22":3,"23":3,"24":3,"25":3,"26":3,"27":3,"28":3,"29":3,"30":3,"31":3,"32":3,"33":3,"34":3,"35":1,"36":1,"37":1,"38":3,"39":3,"40":3,"41":3,"42":3,"43":3,"44":3,"45":1,"46":1},"branchMap":{"0":{"type":"branch","line":11,"loc":{"start":{"line":11,"column":44},"end":{"line":45,"column":2}},"locations":[{"start":{"line":11,"column":44},"end":{"line":45,"column":2}}]},"1":{"type":"branch","line":28,"loc":{"start":{"line":28,"column":19},"end":{"line":28,"column":39}},"locations":[{"start":{"line":28,"column":19},"end":{"line":28,"column":39}}]},"2":{"type":"branch","line":35,"loc":{"start":{"line":35,"column":19},"end":{"line":38,"column":12}},"locations":[{"start":{"line":35,"column":19},"end":{"line":38,"column":12}}]}},"b":{"0":[3],"1":[1],"2":[1]},"fnMap":{"0":{"name":"ModalTask","decl":{"start":{"line":11,"column":44},"end":{"line":45,"column":2}},"loc":{"start":{"line":11,"column":44},"end":{"line":45,"column":2}},"line":11},"1":{"name":"onClick","decl":{"start":{"line":28,"column":19},"end":{"line":28,"column":39}},"loc":{"start":{"line":28,"column":19},"end":{"line":28,"column":39}},"line":28},"2":{"name":"onClick","decl":{"start":{"line":35,"column":19},"end":{"line":38,"column":12}},"loc":{"start":{"line":35,"column":19},"end":{"line":38,"column":12}},"line":35}},"f":{"0":3,"1":1,"2":1}}
}
